
state 0
	$accept: .input $end 

	tSTRING  shift 12
	tPHRASE  shift 14
	tNUMBER  shift 13
	tNOT  shift 11
	tPLUS  shift 6
	tMINUS  shift 7
	tLEFTBRACKET  shift 10
	.  error

	searchBase  goto 9
	searchParts  goto 2
	searchPart  goto 3
	searchLogicPart  goto 5
	searchLogicSimplePart  goto 8
	searchPrefix  goto 4
	input  goto 1

state 1
	$accept:  input.$end 

	$end  accept
	.  error


state 2
	input:  searchParts.    (1)

	.  reduce 1 (src line 25)


state 3
	searchParts:  searchPart.searchParts 
	searchParts:  searchPart.    (3)
	searchLogicPart:  searchPart.tAND searchPart 
	searchLogicPart:  searchPart.tOR searchPart 

	tSTRING  shift 12
	tPHRASE  shift 14
	tNUMBER  shift 13
	tAND  shift 16
	tOR  shift 17
	tNOT  shift 11
	tPLUS  shift 6
	tMINUS  shift 7
	tLEFTBRACKET  shift 10
	.  reduce 3 (src line 34)

	searchBase  goto 9
	searchParts  goto 15
	searchPart  goto 3
	searchLogicPart  goto 5
	searchLogicSimplePart  goto 8
	searchPrefix  goto 4

state 4
	searchPart:  searchPrefix.searchBase 

	tSTRING  shift 12
	tPHRASE  shift 14
	tNUMBER  shift 13
	.  error

	searchBase  goto 18

state 5
	searchPart:  searchLogicPart.    (5)

	.  reduce 5 (src line 50)


state 6
	searchPrefix:  tPLUS.    (12)

	.  reduce 12 (src line 81)


state 7
	searchPrefix:  tMINUS.    (13)

	.  reduce 13 (src line 85)


state 8
	searchLogicPart:  searchLogicSimplePart.    (6)

	.  reduce 6 (src line 55)


state 9
	searchLogicSimplePart:  searchBase.    (9)

	.  reduce 9 (src line 68)


state 10
	searchLogicSimplePart:  tLEFTBRACKET.searchLogicPart tRIGHTBRACKET 

	tSTRING  shift 12
	tPHRASE  shift 14
	tNUMBER  shift 13
	tNOT  shift 11
	tPLUS  shift 6
	tMINUS  shift 7
	tLEFTBRACKET  shift 10
	.  error

	searchBase  goto 9
	searchPart  goto 20
	searchLogicPart  goto 19
	searchLogicSimplePart  goto 8
	searchPrefix  goto 4

state 11
	searchLogicSimplePart:  tNOT.searchLogicSimplePart 

	tSTRING  shift 12
	tPHRASE  shift 14
	tNUMBER  shift 13
	tNOT  shift 11
	tLEFTBRACKET  shift 10
	.  error

	searchBase  goto 9
	searchLogicSimplePart  goto 21

state 12
	searchBase:  tSTRING.    (14)
	searchBase:  tSTRING.tCOLON tSTRING 
	searchBase:  tSTRING.tCOLON posOrNegNumber 
	searchBase:  tSTRING.tCOLON tPHRASE 
	searchBase:  tSTRING.tCOLON tGREATER posOrNegNumber 
	searchBase:  tSTRING.tCOLON tGREATER tEQUAL posOrNegNumber 
	searchBase:  tSTRING.tCOLON tLESS posOrNegNumber 
	searchBase:  tSTRING.tCOLON tLESS tEQUAL posOrNegNumber 
	searchBase:  tSTRING.tCOLON tGREATER tPHRASE 
	searchBase:  tSTRING.tCOLON tGREATER tEQUAL tPHRASE 
	searchBase:  tSTRING.tCOLON tLESS tPHRASE 
	searchBase:  tSTRING.tCOLON tLESS tEQUAL tPHRASE 
	searchBase:  tSTRING.tCOLON tLEFTRANGE posOrNegNumber tTO posOrNegNumber tRIGHTRANGE 
	searchBase:  tSTRING.tCOLON tLEFTRANGE tPHRASE tTO tPHRASE tRIGHTRANGE 

	tCOLON  shift 22
	.  reduce 14 (src line 90)


state 13
	searchBase:  tNUMBER.    (15)

	.  reduce 15 (src line 94)


state 14
	searchBase:  tPHRASE.    (16)

	.  reduce 16 (src line 98)


state 15
	searchParts:  searchPart searchParts.    (2)

	.  reduce 2 (src line 30)


state 16
	searchLogicPart:  searchPart tAND.searchPart 

	tSTRING  shift 12
	tPHRASE  shift 14
	tNUMBER  shift 13
	tNOT  shift 11
	tPLUS  shift 6
	tMINUS  shift 7
	tLEFTBRACKET  shift 10
	.  error

	searchBase  goto 9
	searchPart  goto 23
	searchLogicPart  goto 5
	searchLogicSimplePart  goto 8
	searchPrefix  goto 4

state 17
	searchLogicPart:  searchPart tOR.searchPart 

	tSTRING  shift 12
	tPHRASE  shift 14
	tNUMBER  shift 13
	tNOT  shift 11
	tPLUS  shift 6
	tMINUS  shift 7
	tLEFTBRACKET  shift 10
	.  error

	searchBase  goto 9
	searchPart  goto 24
	searchLogicPart  goto 5
	searchLogicSimplePart  goto 8
	searchPrefix  goto 4

state 18
	searchPart:  searchPrefix searchBase.    (4)

	.  reduce 4 (src line 39)


state 19
	searchPart:  searchLogicPart.    (5)
	searchLogicSimplePart:  tLEFTBRACKET searchLogicPart.tRIGHTBRACKET 

	tRIGHTBRACKET  shift 25
	.  reduce 5 (src line 50)


state 20
	searchLogicPart:  searchPart.tAND searchPart 
	searchLogicPart:  searchPart.tOR searchPart 

	tAND  shift 16
	tOR  shift 17
	.  error


state 21
	searchLogicSimplePart:  tNOT searchLogicSimplePart.    (11)

	.  reduce 11 (src line 76)


state 22
	searchBase:  tSTRING tCOLON.tSTRING 
	searchBase:  tSTRING tCOLON.posOrNegNumber 
	searchBase:  tSTRING tCOLON.tPHRASE 
	searchBase:  tSTRING tCOLON.tGREATER posOrNegNumber 
	searchBase:  tSTRING tCOLON.tGREATER tEQUAL posOrNegNumber 
	searchBase:  tSTRING tCOLON.tLESS posOrNegNumber 
	searchBase:  tSTRING tCOLON.tLESS tEQUAL posOrNegNumber 
	searchBase:  tSTRING tCOLON.tGREATER tPHRASE 
	searchBase:  tSTRING tCOLON.tGREATER tEQUAL tPHRASE 
	searchBase:  tSTRING tCOLON.tLESS tPHRASE 
	searchBase:  tSTRING tCOLON.tLESS tEQUAL tPHRASE 
	searchBase:  tSTRING tCOLON.tLEFTRANGE posOrNegNumber tTO posOrNegNumber tRIGHTRANGE 
	searchBase:  tSTRING tCOLON.tLEFTRANGE tPHRASE tTO tPHRASE tRIGHTRANGE 

	tSTRING  shift 26
	tPHRASE  shift 28
	tNUMBER  shift 32
	tMINUS  shift 33
	tLEFTRANGE  shift 31
	tGREATER  shift 29
	tLESS  shift 30
	.  error

	posOrNegNumber  goto 27

23: shift/reduce conflict (shift 16(0), red'n 7(0)) on tAND
23: shift/reduce conflict (shift 17(0), red'n 7(0)) on tOR
state 23
	searchLogicPart:  searchPart.tAND searchPart 
	searchLogicPart:  searchPart tAND searchPart.    (7)
	searchLogicPart:  searchPart.tOR searchPart 

	tAND  shift 16
	tOR  shift 17
	.  reduce 7 (src line 59)


24: shift/reduce conflict (shift 16(0), red'n 8(0)) on tAND
24: shift/reduce conflict (shift 17(0), red'n 8(0)) on tOR
state 24
	searchLogicPart:  searchPart.tAND searchPart 
	searchLogicPart:  searchPart.tOR searchPart 
	searchLogicPart:  searchPart tOR searchPart.    (8)

	tAND  shift 16
	tOR  shift 17
	.  reduce 8 (src line 63)


state 25
	searchLogicSimplePart:  tLEFTBRACKET searchLogicPart tRIGHTBRACKET.    (10)

	.  reduce 10 (src line 72)


state 26
	searchBase:  tSTRING tCOLON tSTRING.    (17)

	.  reduce 17 (src line 104)


state 27
	searchBase:  tSTRING tCOLON posOrNegNumber.    (18)

	.  reduce 18 (src line 110)


state 28
	searchBase:  tSTRING tCOLON tPHRASE.    (19)

	.  reduce 19 (src line 117)


state 29
	searchBase:  tSTRING tCOLON tGREATER.posOrNegNumber 
	searchBase:  tSTRING tCOLON tGREATER.tEQUAL posOrNegNumber 
	searchBase:  tSTRING tCOLON tGREATER.tPHRASE 
	searchBase:  tSTRING tCOLON tGREATER.tEQUAL tPHRASE 

	tPHRASE  shift 36
	tNUMBER  shift 32
	tMINUS  shift 33
	tEQUAL  shift 35
	.  error

	posOrNegNumber  goto 34

state 30
	searchBase:  tSTRING tCOLON tLESS.posOrNegNumber 
	searchBase:  tSTRING tCOLON tLESS.tEQUAL posOrNegNumber 
	searchBase:  tSTRING tCOLON tLESS.tPHRASE 
	searchBase:  tSTRING tCOLON tLESS.tEQUAL tPHRASE 

	tPHRASE  shift 39
	tNUMBER  shift 32
	tMINUS  shift 33
	tEQUAL  shift 38
	.  error

	posOrNegNumber  goto 37

state 31
	searchBase:  tSTRING tCOLON tLEFTRANGE.posOrNegNumber tTO posOrNegNumber tRIGHTRANGE 
	searchBase:  tSTRING tCOLON tLEFTRANGE.tPHRASE tTO tPHRASE tRIGHTRANGE 

	tPHRASE  shift 41
	tNUMBER  shift 32
	tMINUS  shift 33
	.  error

	posOrNegNumber  goto 40

state 32
	posOrNegNumber:  tNUMBER.    (30)

	.  reduce 30 (src line 196)


state 33
	posOrNegNumber:  tMINUS.tNUMBER 

	tNUMBER  shift 42
	.  error


state 34
	searchBase:  tSTRING tCOLON tGREATER posOrNegNumber.    (20)

	.  reduce 20 (src line 123)


state 35
	searchBase:  tSTRING tCOLON tGREATER tEQUAL.posOrNegNumber 
	searchBase:  tSTRING tCOLON tGREATER tEQUAL.tPHRASE 

	tPHRASE  shift 44
	tNUMBER  shift 32
	tMINUS  shift 33
	.  error

	posOrNegNumber  goto 43

state 36
	searchBase:  tSTRING tCOLON tGREATER tPHRASE.    (24)

	.  reduce 24 (src line 151)


state 37
	searchBase:  tSTRING tCOLON tLESS posOrNegNumber.    (22)

	.  reduce 22 (src line 137)


state 38
	searchBase:  tSTRING tCOLON tLESS tEQUAL.posOrNegNumber 
	searchBase:  tSTRING tCOLON tLESS tEQUAL.tPHRASE 

	tPHRASE  shift 46
	tNUMBER  shift 32
	tMINUS  shift 33
	.  error

	posOrNegNumber  goto 45

state 39
	searchBase:  tSTRING tCOLON tLESS tPHRASE.    (26)

	.  reduce 26 (src line 165)


state 40
	searchBase:  tSTRING tCOLON tLEFTRANGE posOrNegNumber.tTO posOrNegNumber tRIGHTRANGE 

	tTO  shift 47
	.  error


state 41
	searchBase:  tSTRING tCOLON tLEFTRANGE tPHRASE.tTO tPHRASE tRIGHTRANGE 

	tTO  shift 48
	.  error


state 42
	posOrNegNumber:  tMINUS tNUMBER.    (31)

	.  reduce 31 (src line 200)


state 43
	searchBase:  tSTRING tCOLON tGREATER tEQUAL posOrNegNumber.    (21)

	.  reduce 21 (src line 130)


state 44
	searchBase:  tSTRING tCOLON tGREATER tEQUAL tPHRASE.    (25)

	.  reduce 25 (src line 158)


state 45
	searchBase:  tSTRING tCOLON tLESS tEQUAL posOrNegNumber.    (23)

	.  reduce 23 (src line 144)


state 46
	searchBase:  tSTRING tCOLON tLESS tEQUAL tPHRASE.    (27)

	.  reduce 27 (src line 172)


state 47
	searchBase:  tSTRING tCOLON tLEFTRANGE posOrNegNumber tTO.posOrNegNumber tRIGHTRANGE 

	tNUMBER  shift 32
	tMINUS  shift 33
	.  error

	posOrNegNumber  goto 49

state 48
	searchBase:  tSTRING tCOLON tLEFTRANGE tPHRASE tTO.tPHRASE tRIGHTRANGE 

	tPHRASE  shift 50
	.  error


state 49
	searchBase:  tSTRING tCOLON tLEFTRANGE posOrNegNumber tTO posOrNegNumber.tRIGHTRANGE 

	tRIGHTRANGE  shift 51
	.  error


state 50
	searchBase:  tSTRING tCOLON tLEFTRANGE tPHRASE tTO tPHRASE.tRIGHTRANGE 

	tRIGHTRANGE  shift 52
	.  error


state 51
	searchBase:  tSTRING tCOLON tLEFTRANGE posOrNegNumber tTO posOrNegNumber tRIGHTRANGE.    (28)

	.  reduce 28 (src line 179)


state 52
	searchBase:  tSTRING tCOLON tLEFTRANGE tPHRASE tTO tPHRASE tRIGHTRANGE.    (29)

	.  reduce 29 (src line 187)


20 terminals, 9 nonterminals
32 grammar rules, 53/16000 states
4 shift/reduce, 0 reduce/reduce conflicts reported
58 working sets used
memory: parser 37/240000
15 extra closures
85 shift entries, 1 exceptions
21 goto entries
17 entries saved by goto default
Optimizer space used: output 83/240000
83 table entries, 2 zero
maximum spread: 20, maximum offset: 47
